<?xml version="1.0" encoding="UTF-8"?>
<!-- Generated by org.testng.reporters.JUnitReportReporter -->
<testsuite hostname="DESKTOP-M8Q9OQ2" failures="0" tests="1" name="com.api.test.AddUserTest" time="2.426" errors="0" timestamp="2025-04-20T21:09:47 IST" skipped="0">
  <testcase classname="com.api.test.AddUserTest" name="addUserTest1" time="2.426"/>
</testsuite> <!-- com.api.test.AddUserTest -->
