<?xml version="1.0" encoding="UTF-8"?>
<!-- Generated by org.testng.reporters.JUnitReportReporter -->
<testsuite hostname="DESKTOP-M8Q9OQ2" failures="0" tests="1" name="demo.PostRequestAutomation_NextLevel" time="2.504" errors="0" timestamp="2025-02-09T19:14:24 IST" skipped="0">
  <testcase classname="demo.PostRequestAutomation_NextLevel" name="postCallAutomation" time="2.504"/>
</testsuite> <!-- demo.PostRequestAutomation_NextLevel -->
