<?xml version="1.0" encoding="UTF-8"?>
<!-- Generated by org.testng.reporters.JUnitReportReporter -->
<testsuite hostname="DESKTOP-M8Q9OQ2" failures="0" tests="1" name="PostRequestAutomation" time="5.680" errors="0" timestamp="2025-02-09T19:08:34 IST" skipped="0">
  <testcase classname="PostRequestAutomation" name="postCallAutomation" time="5.680"/>
</testsuite> <!-- PostRequestAutomation -->
