<?xml version="1.0" encoding="UTF-8"?>
<!-- Generated by org.testng.reporters.JUnitReportReporter -->
<testsuite hostname="DESKTOP-M8Q9OQ2" failures="0" tests="1" name="com.api.test.AddUserBuilderTest" time="2.932" errors="0" timestamp="2025-02-18T19:56:38 IST" skipped="0">
  <testcase classname="com.api.test.AddUserBuilderTest" name="addUserTest" time="2.932"/>
</testsuite> <!-- com.api.test.AddUserBuilderTest -->
