<?xml version="1.0" encoding="UTF-8"?>
<!-- Generated by org.testng.reporters.JUnitReportReporter -->
<testsuite hostname="DESKTOP-M8Q9OQ2" failures="0" tests="1" name="com.api.test.AddUserBuilderTest" time="3.462" errors="0" timestamp="2025-02-10T20:58:33 IST" skipped="0">
  <testcase classname="com.api.test.AddUserBuilderTest" name="addUserTest" time="3.462"/>
</testsuite> <!-- com.api.test.AddUserBuilderTest -->
