<?xml version="1.0" encoding="UTF-8"?>
<!-- Generated by org.testng.reporters.JUnitReportReporter -->
<testsuite hostname="DESKTOP-M8Q9OQ2" failures="0" tests="1" name="com.api.test.AddUserTest" time="2.966" errors="0" timestamp="2025-02-09T19:45:43 IST" skipped="0">
  <testcase classname="com.api.test.AddUserTest" name="addUserTest" time="2.966"/>
</testsuite> <!-- com.api.test.AddUserTest -->
